
> vibe-generated-app@1.0.0 dev
> vite build && vite preview

vite v5.4.20 building for production...
transforming...
✓ 1872 modules transformed.
rendering chunks...
computing gzip size...
dist/index.html                                         1.02 kB │ gzip:   0.47 kB
dist/assets/index-BhKEV7bX.css                         19.81 kB │ gzip:   4.44 kB
dist/assets/howler-DAFynlOZ.js                         27.09 kB │ gzip:   8.15 kB
dist/assets/navmesh-BFd9Mv4x.js                        55.09 kB │ gzip:  11.02 kB
dist/assets/boolean-DBCsdfyP.js                        56.50 kB │ gzip:  19.68 kB
dist/assets/process-B9H0U9ag.js                        67.74 kB │ gzip:  23.01 kB
dist/assets/gaussian-splat-compression-BblNKJdU.js     82.55 kB │ gzip:  23.40 kB
dist/assets/ui-Ds7EeOeb.js                             91.97 kB │ gzip:  28.89 kB
dist/assets/opentype-D6jUvuOk.js                      171.88 kB │ gzip:  50.27 kB
dist/assets/physics-BM4kW-A5.js                     1,987.51 kB │ gzip: 722.69 kB
dist/assets/index-ofCKQy0_.js                       2,350.56 kB │ gzip: 679.59 kB

(!) Some chunks are larger than 500 kB after minification. Consider:
- Using dynamic import() to code-split the application
- Use build.rollupOptions.output.manualChunks to improve chunking: https://rollupjs.org/configuration-options/#output-manualchunks
- Adjust chunk size limit for this warning via build.chunkSizeWarningLimit.
✓ built in 9.95s
  ➜  Local:   http://localhost:3000/
  ➜  Network: http://172.20.15.61:3000/
